This is pdfTeX, Version 3.1415926-2.5-1.40.14 (TeX Live 2013) (format=pdflatex 2022.8.18)  5 DEC 2023 14:29
entering extended mode
 restricted \write18 enabled.
 %&-line parsing enabled.
**final-project.tex
(./final-project.tex
LaTeX2e <2011/06/27>
Babel <v3.8m> and hyphenation patterns for english, dumylang, nohyphenation, lo
aded.
(./biom.cls
Document Class: biom 2006/12/12 v2.2 LaTeX2e Biom document class
Document Style `Biom' v1.0, released 2006 December 12
\math@groups=\toks14
LaTeX Font Info:    Overwriting symbol font `symbols' in version `bold'
(Font)                  OMS/cmsy/b/n --> OMS/cmsy/b/n on input line 236.
\symUPM=\mathgroup4
LaTeX Font Info:    Overwriting symbol font `UPM' in version `bold'
(Font)                  U/eur/m/n --> U/eur/b/n on input line 273.
\symAMSa=\mathgroup5
\SFB@measure=\dimen102
\realparindent=\skip41
\c@part=\count79
\c@section=\count80
\c@subsection=\count81
\c@subsubsection=\count82
\c@paragraph=\count83
\c@subparagraph=\count84
\c@discounter=\count85
\@topalign=\dimen103
\Verticalskip=\dimen104
\@partialpageht=\dimen105
\store@outputbox=\box26
\storedboxheight=\dimen106
\@indentskip=\skip42
\smallindent=\skip43
\@footindent=\skip44
\@leftskip=\skip45
\absbox=\box27
\keywdbox=\box28
\c@emailcnt=\count86
\c@emailxcnt=\count87
\tempcount=\count88
(/usr/share/texlive/texmf-dist/tex/latex/natbib/natbib.sty
Package: natbib 2010/09/13 8.31b (PWD, AO)
\bibhang=\skip46
\bibsep=\skip47
LaTeX Info: Redefining \cite on input line 694.
\c@NAT@ctr=\count89
)
\c@dummy=\count90
\c@table=\count91
\c@figure=\count92
\mathindent=\dimen107
(/usr/share/texlive/texmf-dist/tex/latex/tools/theorem.sty
Package: theorem 1995/11/23 v2.2c Theorem extension package (FMi)
\theorem@style=\toks15
\theorem@bodyfont=\toks16
\theorempreskipamount=\skip48
\theorempostskipamount=\skip49
(/usr/share/texlive/texmf-dist/tex/latex/tools/thp.sty
File: thp.sty 1995/11/23 v2.2c Theorem extension package (FMi)
))
\c@theorem=\count93
\c@theorem=\count94
\c@corollary=\count95
\c@fact=\count96
\c@property=\count97
\c@result=\count98
\c@lemma=\count99
\c@assumption=\count100
\c@case=\count101
\c@axiom=\count102
\c@change=\count103
\c@claim=\count104
\c@conjecture=\count105
\c@definition=\count106
\c@example=\count107
\c@formula=\count108
\c@hypothesis=\count109
\c@method=\count110
\c@model=\count111
\c@notation=\count112
\c@note=\count113
\c@objective=\count114
\c@observation=\count115
\c@principle=\count116
\c@problem=\count117
\c@procedure=\count118
\c@remark=\count119
\c@step=\count120
\theorempreskipamount=\skip50
\theorempostskipamount=\skip51

! LaTeX Error: File `endfloat.sty' not found.

Type X to quit or <RETURN> to proceed,
or enter new name. (Default extension: sty)

Enter file name: 
! Emergency stop.
<read *> 
         
l.2075   \AtBeginDocument
                         {\usepackage{endrotfloat}}^^M 
Here is how much of TeX's memory you used:
 980 strings out of 495063
 10461 string characters out of 3182201
 60035 words of memory out of 3000000
 4241 multiletter control sequences out of 15000+200000
 5335 words of font info for 20 fonts, out of 3000000 for 9000
 14 hyphenation exceptions out of 8191
 31i,0n,34p,157b,74s stack positions out of 5000i,500n,10000p,200000b,50000s

!  ==> Fatal error occurred, no output PDF file produced!
